2024-10-26 15:15:17 [INFO] Чтение входного файла: orders.txt
2024-10-26 15:15:17 [INFO] Загружено 5 заказов из 5 строк.
2024-10-26 15:15:17 [INFO] Фильтрация заказов для района 'DistrictA' в течение 30 минут после 25.10.2024 10:00:00
2024-10-26 15:15:17 [INFO] Отфильтровано 2 заказов.
2024-10-26 15:15:17 [INFO] Запись отфильтрованных заказов в файл: filtered_orders.txt
2024-10-26 15:15:17 [INFO] Запись завершена успешно.
2024-10-26 15:15:17 [INFO] Программа завершена успешно.
2024-10-26 15:28:54 [INFO] Чтение входного файла: orders.txt
2024-10-26 15:28:54 [INFO] Загружено 5 заказов из 5 строк.
2024-10-26 15:28:54 [INFO] Фильтрация заказов для района 'DistrictA' в течение 30 минут после 25.10.2024 10:00:00
2024-10-26 15:28:54 [INFO] Отфильтровано 2 заказов.
2024-10-26 15:28:54 [INFO] Запись отфильтрованных заказов в файл: filtered_orders.txt
2024-10-26 15:28:54 [INFO] Запись завершена успешно.
2024-10-26 15:28:54 [INFO] Программа завершена успешно.
2024-10-26 15:34:50 [INFO] Чтение входного файла: orders.txt
2024-10-26 15:34:51 [INFO] Загружено 5 заказов из 5 строк.
2024-10-26 15:34:51 [INFO] Фильтрация заказов для района 'DistrictA' в течение 30 минут после 25.10.2024 10:00:00
2024-10-26 15:34:51 [INFO] Отфильтровано 2 заказов.
2024-10-26 15:34:51 [INFO] Запись отфильтрованных заказов в файл: filtered_orders.txt
2024-10-26 15:34:51 [INFO] Запись завершена успешно.
2024-10-26 15:34:51 [INFO] Программа завершена успешно.
